09-Apr-2025 18:46:33.113 INFORMAZIONI [main] org.apache.catalina.startup.VersionLoggerListener.log Server version name:   Apache Tomcat/11.0.5
09-Apr-2025 18:46:33.120 INFORMAZIONI [main] org.apache.catalina.startup.VersionLoggerListener.log Server built:          Feb 28 2025 15:54:41 UTC
09-Apr-2025 18:46:33.121 INFORMAZIONI [main] org.apache.catalina.startup.VersionLoggerListener.log Server version number: 11.0.5.0
09-Apr-2025 18:46:33.121 INFORMAZIONI [main] org.apache.catalina.startup.VersionLoggerListener.log OS Name:               Linux
09-Apr-2025 18:46:33.121 INFORMAZIONI [main] org.apache.catalina.startup.VersionLoggerListener.log OS Version:            6.12.8-arch1-1
09-Apr-2025 18:46:33.121 INFORMAZIONI [main] org.apache.catalina.startup.VersionLoggerListener.log Architecture:          amd64
09-Apr-2025 18:46:33.121 INFORMAZIONI [main] org.apache.catalina.startup.VersionLoggerListener.log Java Home:             /usr/lib/jvm/java-21-openjdk
09-Apr-2025 18:46:33.121 INFORMAZIONI [main] org.apache.catalina.startup.VersionLoggerListener.log JVM Version:           21.0.6+7
09-Apr-2025 18:46:33.122 INFORMAZIONI [main] org.apache.catalina.startup.VersionLoggerListener.log JVM Vendor:            Arch Linux
09-Apr-2025 18:46:33.122 INFORMAZIONI [main] org.apache.catalina.startup.VersionLoggerListener.log CATALINA_BASE:         /home/cris0tian/Scrivania/uni/terzo_anno/java_mobile/apache-tomcat-11.0.5
09-Apr-2025 18:46:33.122 INFORMAZIONI [main] org.apache.catalina.startup.VersionLoggerListener.log CATALINA_HOME:         /home/cris0tian/Scrivania/uni/terzo_anno/java_mobile/apache-tomcat-11.0.5
09-Apr-2025 18:46:33.139 INFORMAZIONI [main] org.apache.catalina.startup.VersionLoggerListener.log Command line argument: -Djava.util.logging.config.file=/home/cris0tian/Scrivania/uni/terzo_anno/java_mobile/apache-tomcat-11.0.5/conf/logging.properties
09-Apr-2025 18:46:33.139 INFORMAZIONI [main] org.apache.catalina.startup.VersionLoggerListener.log Command line argument: -Djava.util.logging.manager=org.apache.juli.ClassLoaderLogManager
09-Apr-2025 18:46:33.139 INFORMAZIONI [main] org.apache.catalina.startup.VersionLoggerListener.log Command line argument: -Djdk.tls.ephemeralDHKeySize=2048
09-Apr-2025 18:46:33.140 INFORMAZIONI [main] org.apache.catalina.startup.VersionLoggerListener.log Command line argument: -Dorg.apache.catalina.security.SecurityListener.UMASK=0027
09-Apr-2025 18:46:33.140 INFORMAZIONI [main] org.apache.catalina.startup.VersionLoggerListener.log Command line argument: --add-opens=java.base/java.lang=ALL-UNNAMED
09-Apr-2025 18:46:33.140 INFORMAZIONI [main] org.apache.catalina.startup.VersionLoggerListener.log Command line argument: --add-opens=java.base/java.lang.reflect=ALL-UNNAMED
09-Apr-2025 18:46:33.140 INFORMAZIONI [main] org.apache.catalina.startup.VersionLoggerListener.log Command line argument: --add-opens=java.base/java.io=ALL-UNNAMED
09-Apr-2025 18:46:33.140 INFORMAZIONI [main] org.apache.catalina.startup.VersionLoggerListener.log Command line argument: --add-opens=java.base/java.util=ALL-UNNAMED
09-Apr-2025 18:46:33.141 INFORMAZIONI [main] org.apache.catalina.startup.VersionLoggerListener.log Command line argument: --add-opens=java.base/java.util.concurrent=ALL-UNNAMED
09-Apr-2025 18:46:33.141 INFORMAZIONI [main] org.apache.catalina.startup.VersionLoggerListener.log Command line argument: --add-opens=java.rmi/sun.rmi.transport=ALL-UNNAMED
09-Apr-2025 18:46:33.141 INFORMAZIONI [main] org.apache.catalina.startup.VersionLoggerListener.log Command line argument: --enable-native-access=ALL-UNNAMED
09-Apr-2025 18:46:33.141 INFORMAZIONI [main] org.apache.catalina.startup.VersionLoggerListener.log Command line argument: -Dcatalina.base=/home/cris0tian/Scrivania/uni/terzo_anno/java_mobile/apache-tomcat-11.0.5
09-Apr-2025 18:46:33.141 INFORMAZIONI [main] org.apache.catalina.startup.VersionLoggerListener.log Command line argument: -Dcatalina.home=/home/cris0tian/Scrivania/uni/terzo_anno/java_mobile/apache-tomcat-11.0.5
09-Apr-2025 18:46:33.141 INFORMAZIONI [main] org.apache.catalina.startup.VersionLoggerListener.log Command line argument: -Djava.io.tmpdir=/home/cris0tian/Scrivania/uni/terzo_anno/java_mobile/apache-tomcat-11.0.5/temp
09-Apr-2025 18:46:33.143 INFORMAZIONI [main] org.apache.catalina.core.AprLifecycleListener.lifecycleEvent The Apache Tomcat Native library which allows using OpenSSL was not found on the java.library.path: [/usr/java/packages/lib:/usr/lib64:/lib64:/lib:/usr/lib]
09-Apr-2025 18:46:33.493 INFORMAZIONI [main] org.apache.coyote.AbstractProtocol.init Initializing ProtocolHandler ["http-nio-8080"]
09-Apr-2025 18:46:33.524 INFORMAZIONI [main] org.apache.catalina.startup.Catalina.load Server initialization in [642] milliseconds
09-Apr-2025 18:46:33.575 INFORMAZIONI [main] org.apache.catalina.core.StandardService.startInternal Starting service [Catalina]
09-Apr-2025 18:46:33.575 INFORMAZIONI [main] org.apache.catalina.core.StandardEngine.startInternal Starting Servlet engine: [Apache Tomcat/11.0.5]
09-Apr-2025 18:46:33.593 INFORMAZIONI [main] org.apache.catalina.startup.HostConfig.deployWAR Deploying web application archive [/home/cris0tian/Scrivania/uni/terzo_anno/java_mobile/apache-tomcat-11.0.5/webapps/pappagallo.war]
09-Apr-2025 18:46:33.933 INFORMAZIONI [main] org.apache.jasper.servlet.TldScanner.scanJars At least one JAR was scanned for TLDs yet contained no TLDs. Enable debug logging for this logger for a complete list of JARs that were scanned but no TLDs were found in them. Skipping unneeded JARs during scanning can improve startup time and JSP compilation time.
09-Apr-2025 18:46:33.963 INFORMAZIONI [main] org.apache.catalina.startup.HostConfig.deployWAR Deployment of web application archive [/home/cris0tian/Scrivania/uni/terzo_anno/java_mobile/apache-tomcat-11.0.5/webapps/pappagallo.war] has finished in [370] ms
09-Apr-2025 18:46:33.964 INFORMAZIONI [main] org.apache.catalina.startup.HostConfig.deployDirectory Deploying web application directory [/home/cris0tian/Scrivania/uni/terzo_anno/java_mobile/apache-tomcat-11.0.5/webapps/docs]
09-Apr-2025 18:46:33.988 INFORMAZIONI [main] org.apache.catalina.startup.HostConfig.deployDirectory Deployment of web application directory [/home/cris0tian/Scrivania/uni/terzo_anno/java_mobile/apache-tomcat-11.0.5/webapps/docs] has finished in [24] ms
09-Apr-2025 18:46:33.988 INFORMAZIONI [main] org.apache.catalina.startup.HostConfig.deployDirectory Deploying web application directory [/home/cris0tian/Scrivania/uni/terzo_anno/java_mobile/apache-tomcat-11.0.5/webapps/ROOT]
09-Apr-2025 18:46:34.008 INFORMAZIONI [main] org.apache.catalina.startup.HostConfig.deployDirectory Deployment of web application directory [/home/cris0tian/Scrivania/uni/terzo_anno/java_mobile/apache-tomcat-11.0.5/webapps/ROOT] has finished in [20] ms
09-Apr-2025 18:46:34.008 INFORMAZIONI [main] org.apache.catalina.startup.HostConfig.deployDirectory Deploying web application directory [/home/cris0tian/Scrivania/uni/terzo_anno/java_mobile/apache-tomcat-11.0.5/webapps/host-manager]
09-Apr-2025 18:46:34.040 INFORMAZIONI [main] org.apache.catalina.startup.HostConfig.deployDirectory Deployment of web application directory [/home/cris0tian/Scrivania/uni/terzo_anno/java_mobile/apache-tomcat-11.0.5/webapps/host-manager] has finished in [32] ms
09-Apr-2025 18:46:34.040 INFORMAZIONI [main] org.apache.catalina.startup.HostConfig.deployDirectory Deploying web application directory [/home/cris0tian/Scrivania/uni/terzo_anno/java_mobile/apache-tomcat-11.0.5/webapps/manager]
09-Apr-2025 18:46:34.062 INFORMAZIONI [main] org.apache.catalina.startup.HostConfig.deployDirectory Deployment of web application directory [/home/cris0tian/Scrivania/uni/terzo_anno/java_mobile/apache-tomcat-11.0.5/webapps/manager] has finished in [21] ms
09-Apr-2025 18:46:34.062 INFORMAZIONI [main] org.apache.catalina.startup.HostConfig.deployDirectory Deploying web application directory [/home/cris0tian/Scrivania/uni/terzo_anno/java_mobile/apache-tomcat-11.0.5/webapps/examples]
09-Apr-2025 18:46:34.276 INFORMAZIONI [main] org.apache.catalina.startup.HostConfig.deployDirectory Deployment of web application directory [/home/cris0tian/Scrivania/uni/terzo_anno/java_mobile/apache-tomcat-11.0.5/webapps/examples] has finished in [213] ms
09-Apr-2025 18:46:34.280 INFORMAZIONI [main] org.apache.coyote.AbstractProtocol.start Starting ProtocolHandler ["http-nio-8080"]
09-Apr-2025 18:46:34.291 INFORMAZIONI [main] org.apache.catalina.startup.Catalina.start Server startup in [765] milliseconds
09-Apr-2025 18:51:16.127 INFORMAZIONI [main] org.apache.catalina.core.StandardServer.await A valid shutdown command was received via the shutdown port. Stopping the Server instance.
09-Apr-2025 18:51:16.128 INFORMAZIONI [main] org.apache.coyote.AbstractProtocol.pause Pausing ProtocolHandler ["http-nio-8080"]
09-Apr-2025 18:51:16.131 INFORMAZIONI [main] org.apache.catalina.core.StandardService.stopInternal Stopping service [Catalina]
09-Apr-2025 18:51:16.157 INFORMAZIONI [main] org.apache.coyote.AbstractProtocol.stop Stopping ProtocolHandler ["http-nio-8080"]
09-Apr-2025 18:51:16.166 INFORMAZIONI [main] org.apache.coyote.AbstractProtocol.destroy Destroying ProtocolHandler ["http-nio-8080"]
