08-Apr-2025 14:58:27.209 INFORMAZIONI [main] org.apache.catalina.core.ApplicationContext.log ContextListener: contextInitialized()
08-Apr-2025 14:58:27.209 INFORMAZIONI [main] org.apache.catalina.core.ApplicationContext.log SessionListener: contextInitialized()
08-Apr-2025 14:58:27.210 INFORMAZIONI [main] org.apache.catalina.core.ApplicationContext.log ContextListener: attributeAdded('StockTicker', 'async.Stockticker@33617539')
08-Apr-2025 14:58:34.249 INFORMAZIONI [Thread-1] org.apache.catalina.core.ApplicationContext.log SessionListener: contextDestroyed()
08-Apr-2025 14:58:34.249 INFORMAZIONI [Thread-1] org.apache.catalina.core.ApplicationContext.log ContextListener: contextDestroyed()
08-Apr-2025 14:58:59.913 INFORMAZIONI [main] org.apache.catalina.core.ApplicationContext.log ContextListener: contextInitialized()
08-Apr-2025 14:58:59.913 INFORMAZIONI [main] org.apache.catalina.core.ApplicationContext.log SessionListener: contextInitialized()
08-Apr-2025 14:58:59.915 INFORMAZIONI [main] org.apache.catalina.core.ApplicationContext.log ContextListener: attributeAdded('StockTicker', 'async.Stockticker@4a067c25')
08-Apr-2025 15:00:30.742 INFORMAZIONI [main] org.apache.catalina.core.ApplicationContext.log ContextListener: contextInitialized()
08-Apr-2025 15:00:30.742 INFORMAZIONI [main] org.apache.catalina.core.ApplicationContext.log SessionListener: contextInitialized()
08-Apr-2025 15:00:30.743 INFORMAZIONI [main] org.apache.catalina.core.ApplicationContext.log ContextListener: attributeAdded('StockTicker', 'async.Stockticker@47874b25')
08-Apr-2025 15:00:30.772 INFORMAZIONI [main] org.apache.catalina.core.ApplicationContext.log SessionListener: contextDestroyed()
08-Apr-2025 15:00:30.772 INFORMAZIONI [main] org.apache.catalina.core.ApplicationContext.log ContextListener: contextDestroyed()
08-Apr-2025 15:06:09.252 INFORMAZIONI [main] org.apache.catalina.core.ApplicationContext.log SessionListener: contextDestroyed()
08-Apr-2025 15:06:09.252 INFORMAZIONI [main] org.apache.catalina.core.ApplicationContext.log ContextListener: contextDestroyed()
08-Apr-2025 15:31:08.156 INFORMAZIONI [main] org.apache.catalina.core.ApplicationContext.log ContextListener: contextInitialized()
08-Apr-2025 15:31:08.157 INFORMAZIONI [main] org.apache.catalina.core.ApplicationContext.log SessionListener: contextInitialized()
08-Apr-2025 15:31:08.158 INFORMAZIONI [main] org.apache.catalina.core.ApplicationContext.log ContextListener: attributeAdded('StockTicker', 'async.Stockticker@ca27722')
08-Apr-2025 15:33:17.200 INFORMAZIONI [main] org.apache.catalina.core.ApplicationContext.log SessionListener: contextDestroyed()
08-Apr-2025 15:33:17.200 INFORMAZIONI [main] org.apache.catalina.core.ApplicationContext.log ContextListener: contextDestroyed()
